{"/Users/arif/workspace/react-hook-signal/src/components.ts": {"path":"/Users/arif/workspace/react-hook-signal/src/components.ts","all":false,"statementMap":{"0":{"start":{"line":1,"column":0},"end":{"line":1,"column":30}},"1":{"start":{"line":2,"column":0},"end":{"line":2,"column":69}},"2":{"start":{"line":3,"column":0},"end":{"line":3,"column":57}},"3":{"start":{"line":4,"column":0},"end":{"line":4,"column":43}},"4":{"start":{"line":5,"column":0},"end":{"line":5,"column":0}},"5":{"start":{"line":6,"column":0},"end":{"line":6,"column":34}},"6":{"start":{"line":7,"column":0},"end":{"line":7,"column":80}},"7":{"start":{"line":8,"column":0},"end":{"line":8,"column":1}},"8":{"start":{"line":9,"column":0},"end":{"line":9,"column":0}},"9":{"start":{"line":10,"column":0},"end":{"line":10,"column":91}},"10":{"start":{"line":11,"column":0},"end":{"line":11,"column":0}},"11":{"start":{"line":12,"column":0},"end":{"line":12,"column":36}},"12":{"start":{"line":13,"column":0},"end":{"line":13,"column":91}},"13":{"start":{"line":14,"column":0},"end":{"line":14,"column":2}},"14":{"start":{"line":15,"column":0},"end":{"line":15,"column":0}},"15":{"start":{"line":16,"column":0},"end":{"line":16,"column":73}},"16":{"start":{"line":17,"column":0},"end":{"line":17,"column":0}},"17":{"start":{"line":18,"column":0},"end":{"line":18,"column":983}},"18":{"start":{"line":19,"column":0},"end":{"line":19,"column":0}},"19":{"start":{"line":20,"column":0},"end":{"line":20,"column":80}},"20":{"start":{"line":21,"column":0},"end":{"line":21,"column":65}},"21":{"start":{"line":22,"column":0},"end":{"line":22,"column":112}},"22":{"start":{"line":23,"column":0},"end":{"line":23,"column":28}},"23":{"start":{"line":24,"column":0},"end":{"line":24,"column":54}},"24":{"start":{"line":25,"column":0},"end":{"line":25,"column":9}},"25":{"start":{"line":26,"column":0},"end":{"line":26,"column":19}},"26":{"start":{"line":27,"column":0},"end":{"line":27,"column":45}},"27":{"start":{"line":28,"column":0},"end":{"line":28,"column":1}},"28":{"start":{"line":29,"column":0},"end":{"line":29,"column":0}},"29":{"start":{"line":30,"column":0},"end":{"line":30,"column":74}},"30":{"start":{"line":31,"column":0},"end":{"line":31,"column":65}},"31":{"start":{"line":32,"column":0},"end":{"line":32,"column":112}},"32":{"start":{"line":33,"column":0},"end":{"line":33,"column":29}},"33":{"start":{"line":34,"column":0},"end":{"line":34,"column":48}},"34":{"start":{"line":35,"column":0},"end":{"line":35,"column":9}},"35":{"start":{"line":36,"column":0},"end":{"line":36,"column":19}},"36":{"start":{"line":37,"column":0},"end":{"line":37,"column":45}},"37":{"start":{"line":38,"column":0},"end":{"line":38,"column":1}},"38":{"start":{"line":39,"column":0},"end":{"line":39,"column":0}},"39":{"start":{"line":40,"column":0},"end":{"line":40,"column":91}},"40":{"start":{"line":41,"column":0},"end":{"line":41,"column":63}},"41":{"start":{"line":42,"column":0},"end":{"line":42,"column":0}},"42":{"start":{"line":43,"column":0},"end":{"line":43,"column":73}},"43":{"start":{"line":44,"column":0},"end":{"line":44,"column":123}},"44":{"start":{"line":45,"column":0},"end":{"line":45,"column":73}},"45":{"start":{"line":46,"column":0},"end":{"line":46,"column":105}},"46":{"start":{"line":47,"column":0},"end":{"line":47,"column":113}},"47":{"start":{"line":48,"column":0},"end":{"line":48,"column":106}},"48":{"start":{"line":49,"column":0},"end":{"line":49,"column":58}},"49":{"start":{"line":50,"column":0},"end":{"line":50,"column":5}},"50":{"start":{"line":51,"column":0},"end":{"line":51,"column":0}},"51":{"start":{"line":52,"column":0},"end":{"line":52,"column":42}},"52":{"start":{"line":53,"column":0},"end":{"line":53,"column":18}},"53":{"start":{"line":54,"column":0},"end":{"line":54,"column":31}}},"s":{"0":1,"1":1,"2":1,"3":1,"4":1,"5":1,"6":1,"7":1,"8":1,"9":1,"10":1,"11":1,"12":1,"13":1,"14":1,"15":1,"16":1,"17":1,"18":1,"19":8,"20":8,"21":21,"22":21,"23":14,"24":14,"25":21,"26":8,"27":8,"28":1,"29":4,"30":4,"31":12,"32":12,"33":4,"34":4,"35":12,"36":4,"37":4,"38":1,"39":1,"40":114,"41":114,"42":114,"43":5,"44":5,"45":5,"46":5,"47":5,"48":5,"49":5,"50":114,"51":114,"52":114,"53":1},"branchMap":{"0":{"type":"branch","line":20,"loc":{"start":{"line":20,"column":0},"end":{"line":28,"column":1}},"locations":[{"start":{"line":20,"column":0},"end":{"line":28,"column":1}}]},"1":{"type":"branch","line":21,"loc":{"start":{"line":21,"column":41},"end":{"line":27,"column":7}},"locations":[{"start":{"line":21,"column":41},"end":{"line":27,"column":7}}]},"2":{"type":"branch","line":23,"loc":{"start":{"line":23,"column":27},"end":{"line":25,"column":9}},"locations":[{"start":{"line":23,"column":27},"end":{"line":25,"column":9}}]},"3":{"type":"branch","line":30,"loc":{"start":{"line":30,"column":0},"end":{"line":38,"column":1}},"locations":[{"start":{"line":30,"column":0},"end":{"line":38,"column":1}}]},"4":{"type":"branch","line":31,"loc":{"start":{"line":31,"column":41},"end":{"line":37,"column":7}},"locations":[{"start":{"line":31,"column":41},"end":{"line":37,"column":7}}]},"5":{"type":"branch","line":33,"loc":{"start":{"line":33,"column":28},"end":{"line":35,"column":9}},"locations":[{"start":{"line":33,"column":28},"end":{"line":35,"column":9}}]},"6":{"type":"branch","line":40,"loc":{"start":{"line":40,"column":73},"end":{"line":54,"column":3}},"locations":[{"start":{"line":40,"column":73},"end":{"line":54,"column":3}}]},"7":{"type":"branch","line":43,"loc":{"start":{"line":43,"column":4},"end":{"line":50,"column":5}},"locations":[{"start":{"line":43,"column":4},"end":{"line":50,"column":5}}]},"8":{"type":"branch","line":48,"loc":{"start":{"line":48,"column":26},"end":{"line":48,"column":71}},"locations":[{"start":{"line":48,"column":26},"end":{"line":48,"column":71}}]},"9":{"type":"branch","line":48,"loc":{"start":{"line":48,"column":56},"end":{"line":48,"column":95}},"locations":[{"start":{"line":48,"column":56},"end":{"line":48,"column":95}}]},"10":{"type":"branch","line":48,"loc":{"start":{"line":48,"column":84},"end":{"line":48,"column":106}},"locations":[{"start":{"line":48,"column":84},"end":{"line":48,"column":106}}]},"11":{"type":"branch","line":46,"loc":{"start":{"line":46,"column":24},"end":{"line":46,"column":104}},"locations":[{"start":{"line":46,"column":24},"end":{"line":46,"column":104}}]}},"b":{"0":[8],"1":[21],"2":[14],"3":[4],"4":[12],"5":[4],"6":[114],"7":[5],"8":[4],"9":[4],"10":[0],"11":[3]},"fnMap":{"0":{"name":"filterSignalProps","decl":{"start":{"line":20,"column":0},"end":{"line":28,"column":1}},"loc":{"start":{"line":20,"column":0},"end":{"line":28,"column":1}},"line":20},"1":{"name":"filterProps","decl":{"start":{"line":30,"column":0},"end":{"line":38,"column":1}},"loc":{"start":{"line":30,"column":0},"end":{"line":38,"column":1}},"line":30},"2":{"name":"Signal","decl":{"start":{"line":43,"column":4},"end":{"line":50,"column":5}},"loc":{"start":{"line":43,"column":4},"end":{"line":50,"column":5}},"line":43}},"f":{"0":8,"1":4,"2":5}}
,"/Users/arif/workspace/react-hook-signal/src/effect.ts": {"path":"/Users/arif/workspace/react-hook-signal/src/effect.ts","all":false,"statementMap":{"0":{"start":{"line":1,"column":0},"end":{"line":1,"column":57}},"1":{"start":{"line":2,"column":0},"end":{"line":2,"column":42}},"2":{"start":{"line":3,"column":0},"end":{"line":3,"column":0}},"3":{"start":{"line":4,"column":0},"end":{"line":4,"column":24}},"4":{"start":{"line":5,"column":0},"end":{"line":5,"column":0}},"5":{"start":{"line":6,"column":0},"end":{"line":6,"column":51}},"6":{"start":{"line":7,"column":0},"end":{"line":7,"column":23}},"7":{"start":{"line":8,"column":0},"end":{"line":8,"column":29}},"8":{"start":{"line":9,"column":0},"end":{"line":9,"column":39}},"9":{"start":{"line":10,"column":0},"end":{"line":10,"column":5}},"10":{"start":{"line":11,"column":0},"end":{"line":11,"column":3}},"11":{"start":{"line":12,"column":0},"end":{"line":12,"column":0}},"12":{"start":{"line":13,"column":0},"end":{"line":13,"column":27}},"13":{"start":{"line":14,"column":0},"end":{"line":14,"column":24}},"14":{"start":{"line":15,"column":0},"end":{"line":15,"column":37}},"15":{"start":{"line":16,"column":0},"end":{"line":16,"column":16}},"16":{"start":{"line":17,"column":0},"end":{"line":17,"column":5}},"17":{"start":{"line":18,"column":0},"end":{"line":18,"column":14}},"18":{"start":{"line":19,"column":0},"end":{"line":19,"column":1}},"19":{"start":{"line":20,"column":0},"end":{"line":20,"column":0}},"20":{"start":{"line":21,"column":0},"end":{"line":21,"column":50}},"21":{"start":{"line":22,"column":0},"end":{"line":22,"column":44}},"22":{"start":{"line":23,"column":0},"end":{"line":23,"column":0}},"23":{"start":{"line":24,"column":0},"end":{"line":24,"column":56}},"24":{"start":{"line":25,"column":0},"end":{"line":25,"column":51}},"25":{"start":{"line":26,"column":0},"end":{"line":26,"column":29}},"26":{"start":{"line":27,"column":0},"end":{"line":27,"column":7}},"27":{"start":{"line":28,"column":0},"end":{"line":28,"column":0}},"28":{"start":{"line":29,"column":0},"end":{"line":29,"column":22}},"29":{"start":{"line":30,"column":0},"end":{"line":30,"column":19}},"30":{"start":{"line":31,"column":0},"end":{"line":31,"column":0}},"31":{"start":{"line":32,"column":0},"end":{"line":32,"column":18}},"32":{"start":{"line":33,"column":0},"end":{"line":33,"column":28}},"33":{"start":{"line":34,"column":0},"end":{"line":34,"column":51}},"34":{"start":{"line":35,"column":0},"end":{"line":35,"column":6}},"35":{"start":{"line":36,"column":0},"end":{"line":36,"column":1}}},"s":{"0":1,"1":1,"2":1,"3":1,"4":1,"5":1,"6":2,"7":2,"8":2,"9":2,"10":2,"11":1,"12":2,"13":2,"14":2,"15":2,"16":2,"17":2,"18":2,"19":1,"20":1,"21":1,"22":1,"23":1,"24":3,"25":3,"26":1,"27":1,"28":1,"29":1,"30":1,"31":1,"32":1,"33":1,"34":1,"35":1},"branchMap":{"0":{"type":"branch","line":6,"loc":{"start":{"line":6,"column":44},"end":{"line":11,"column":3}},"locations":[{"start":{"line":6,"column":44},"end":{"line":11,"column":3}}]},"1":{"type":"branch","line":13,"loc":{"start":{"line":13,"column":0},"end":{"line":19,"column":1}},"locations":[{"start":{"line":13,"column":0},"end":{"line":19,"column":1}}]},"2":{"type":"branch","line":21,"loc":{"start":{"line":21,"column":7},"end":{"line":36,"column":1}},"locations":[{"start":{"line":21,"column":7},"end":{"line":36,"column":1}}]},"3":{"type":"branch","line":24,"loc":{"start":{"line":24,"column":49},"end":{"line":27,"column":5}},"locations":[{"start":{"line":24,"column":49},"end":{"line":27,"column":5}}]},"4":{"type":"branch","line":25,"loc":{"start":{"line":25,"column":27},"end":{"line":25,"column":51}},"locations":[{"start":{"line":25,"column":27},"end":{"line":25,"column":51}}]},"5":{"type":"branch","line":32,"loc":{"start":{"line":32,"column":11},"end":{"line":35,"column":6}},"locations":[{"start":{"line":32,"column":11},"end":{"line":35,"column":6}}]},"6":{"type":"branch","line":34,"loc":{"start":{"line":34,"column":27},"end":{"line":34,"column":51}},"locations":[{"start":{"line":34,"column":27},"end":{"line":34,"column":51}}]}},"b":{"0":[2],"1":[2],"2":[1],"3":[3],"4":[0],"5":[1],"6":[0]},"fnMap":{"0":{"name":"processPending","decl":{"start":{"line":13,"column":0},"end":{"line":19,"column":1}},"loc":{"start":{"line":13,"column":0},"end":{"line":19,"column":1}},"line":13},"1":{"name":"effect","decl":{"start":{"line":21,"column":7},"end":{"line":36,"column":1}},"loc":{"start":{"line":21,"column":7},"end":{"line":36,"column":1}},"line":21}},"f":{"0":2,"1":1}}
,"/Users/arif/workspace/react-hook-signal/src/hooks.ts": {"path":"/Users/arif/workspace/react-hook-signal/src/hooks.ts","all":false,"statementMap":{"0":{"start":{"line":1,"column":0},"end":{"line":1,"column":57}},"1":{"start":{"line":2,"column":0},"end":{"line":2,"column":38}},"2":{"start":{"line":3,"column":0},"end":{"line":3,"column":35}},"3":{"start":{"line":4,"column":0},"end":{"line":4,"column":0}},"4":{"start":{"line":5,"column":0},"end":{"line":5,"column":152}},"5":{"start":{"line":6,"column":0},"end":{"line":6,"column":92}},"6":{"start":{"line":7,"column":0},"end":{"line":7,"column":112}},"7":{"start":{"line":8,"column":0},"end":{"line":8,"column":46}},"8":{"start":{"line":9,"column":0},"end":{"line":9,"column":116}},"9":{"start":{"line":10,"column":0},"end":{"line":10,"column":1}},"10":{"start":{"line":11,"column":0},"end":{"line":11,"column":99}},"11":{"start":{"line":12,"column":0},"end":{"line":12,"column":117}},"12":{"start":{"line":13,"column":0},"end":{"line":13,"column":45}},"13":{"start":{"line":14,"column":0},"end":{"line":14,"column":118}},"14":{"start":{"line":15,"column":0},"end":{"line":15,"column":1}},"15":{"start":{"line":16,"column":0},"end":{"line":16,"column":0}},"16":{"start":{"line":17,"column":0},"end":{"line":17,"column":63}},"17":{"start":{"line":18,"column":0},"end":{"line":18,"column":44}},"18":{"start":{"line":19,"column":0},"end":{"line":19,"column":32}},"19":{"start":{"line":20,"column":0},"end":{"line":20,"column":54}},"20":{"start":{"line":21,"column":0},"end":{"line":21,"column":1}}},"s":{"0":1,"1":1,"2":1,"3":1,"4":1,"5":1,"6":2,"7":2,"8":2,"9":2,"10":1,"11":2,"12":2,"13":2,"14":2,"15":1,"16":1,"17":4,"18":4,"19":4,"20":4},"branchMap":{"0":{"type":"branch","line":6,"loc":{"start":{"line":6,"column":7},"end":{"line":10,"column":1}},"locations":[{"start":{"line":6,"column":7},"end":{"line":10,"column":1}}]},"1":{"type":"branch","line":9,"loc":{"start":{"line":9,"column":25},"end":{"line":9,"column":112}},"locations":[{"start":{"line":9,"column":25},"end":{"line":9,"column":112}}]},"2":{"type":"branch","line":11,"loc":{"start":{"line":11,"column":7},"end":{"line":15,"column":1}},"locations":[{"start":{"line":11,"column":7},"end":{"line":15,"column":1}}]},"3":{"type":"branch","line":14,"loc":{"start":{"line":14,"column":25},"end":{"line":14,"column":114}},"locations":[{"start":{"line":14,"column":25},"end":{"line":14,"column":114}}]},"4":{"type":"branch","line":17,"loc":{"start":{"line":17,"column":7},"end":{"line":21,"column":1}},"locations":[{"start":{"line":17,"column":7},"end":{"line":21,"column":1}}]},"5":{"type":"branch","line":20,"loc":{"start":{"line":20,"column":20},"end":{"line":20,"column":51}},"locations":[{"start":{"line":20,"column":20},"end":{"line":20,"column":51}}]}},"b":{"0":[2],"1":[1],"2":[2],"3":[2],"4":[4],"5":[1]},"fnMap":{"0":{"name":"useSignalState","decl":{"start":{"line":6,"column":7},"end":{"line":10,"column":1}},"loc":{"start":{"line":6,"column":7},"end":{"line":10,"column":1}},"line":6},"1":{"name":"useSignalComputed","decl":{"start":{"line":11,"column":7},"end":{"line":15,"column":1}},"loc":{"start":{"line":11,"column":7},"end":{"line":15,"column":1}},"line":11},"2":{"name":"useSignalEffect","decl":{"start":{"line":17,"column":7},"end":{"line":21,"column":1}},"loc":{"start":{"line":17,"column":7},"end":{"line":21,"column":1}},"line":17}},"f":{"0":2,"1":2,"2":4}}
,"/Users/arif/workspace/react-hook-signal/src/main.ts": {"path":"/Users/arif/workspace/react-hook-signal/src/main.ts","all":false,"statementMap":{"0":{"start":{"line":1,"column":0},"end":{"line":1,"column":32}},"1":{"start":{"line":2,"column":0},"end":{"line":2,"column":27}}},"s":{"0":1,"1":1},"branchMap":{},"b":{},"fnMap":{},"f":{}}
,"/Users/arif/workspace/react-hook-signal/src/case/SimpleTest.tsx": {"path":"/Users/arif/workspace/react-hook-signal/src/case/SimpleTest.tsx","all":false,"statementMap":{"0":{"start":{"line":1,"column":0},"end":{"line":1,"column":86}},"1":{"start":{"line":2,"column":0},"end":{"line":2,"column":0}},"2":{"start":{"line":3,"column":0},"end":{"line":3,"column":30}},"3":{"start":{"line":4,"column":0},"end":{"line":4,"column":35}},"4":{"start":{"line":5,"column":0},"end":{"line":5,"column":82}},"5":{"start":{"line":6,"column":0},"end":{"line":6,"column":50}},"6":{"start":{"line":7,"column":0},"end":{"line":7,"column":6}},"7":{"start":{"line":8,"column":0},"end":{"line":8,"column":76}},"8":{"start":{"line":9,"column":0},"end":{"line":9,"column":16}},"9":{"start":{"line":10,"column":0},"end":{"line":10,"column":63}},"10":{"start":{"line":11,"column":0},"end":{"line":11,"column":9}},"11":{"start":{"line":12,"column":0},"end":{"line":12,"column":7}},"12":{"start":{"line":13,"column":0},"end":{"line":13,"column":12}},"13":{"start":{"line":14,"column":0},"end":{"line":14,"column":13}},"14":{"start":{"line":15,"column":0},"end":{"line":15,"column":76}},"15":{"start":{"line":16,"column":0},"end":{"line":16,"column":52}},"16":{"start":{"line":17,"column":0},"end":{"line":17,"column":23}},"17":{"start":{"line":18,"column":0},"end":{"line":18,"column":47}},"18":{"start":{"line":19,"column":0},"end":{"line":19,"column":17}},"19":{"start":{"line":20,"column":0},"end":{"line":20,"column":23}},"20":{"start":{"line":21,"column":0},"end":{"line":21,"column":21}},"21":{"start":{"line":22,"column":0},"end":{"line":22,"column":88}},"22":{"start":{"line":23,"column":0},"end":{"line":23,"column":14}},"23":{"start":{"line":24,"column":0},"end":{"line":24,"column":5}},"24":{"start":{"line":25,"column":0},"end":{"line":25,"column":1}}},"s":{"0":1,"1":1,"2":1,"3":2,"4":2,"5":3,"6":2,"7":2,"8":3,"9":3,"10":3,"11":2,"12":2,"13":2,"14":2,"15":2,"16":2,"17":2,"18":2,"19":2,"20":2,"21":2,"22":2,"23":2,"24":2},"branchMap":{"0":{"type":"branch","line":3,"loc":{"start":{"line":3,"column":7},"end":{"line":25,"column":1}},"locations":[{"start":{"line":3,"column":7},"end":{"line":25,"column":1}}]},"1":{"type":"branch","line":5,"loc":{"start":{"line":5,"column":75},"end":{"line":7,"column":5}},"locations":[{"start":{"line":5,"column":75},"end":{"line":7,"column":5}}]},"2":{"type":"branch","line":8,"loc":{"start":{"line":8,"column":69},"end":{"line":12,"column":5}},"locations":[{"start":{"line":8,"column":69},"end":{"line":12,"column":5}}]},"3":{"type":"branch","line":10,"loc":{"start":{"line":10,"column":44},"end":{"line":10,"column":57}},"locations":[{"start":{"line":10,"column":44},"end":{"line":10,"column":57}}]},"4":{"type":"branch","line":10,"loc":{"start":{"line":10,"column":48},"end":{"line":10,"column":63}},"locations":[{"start":{"line":10,"column":48},"end":{"line":10,"column":63}}]},"5":{"type":"branch","line":17,"loc":{"start":{"line":17,"column":16},"end":{"line":19,"column":17}},"locations":[{"start":{"line":17,"column":16},"end":{"line":19,"column":17}}]}},"b":{"0":[2],"1":[3],"2":[3],"3":[2],"4":[1],"5":[2]},"fnMap":{"0":{"name":"SimpleTest","decl":{"start":{"line":3,"column":7},"end":{"line":25,"column":1}},"loc":{"start":{"line":3,"column":7},"end":{"line":25,"column":1}},"line":3},"1":{"name":"onClick","decl":{"start":{"line":17,"column":16},"end":{"line":19,"column":17}},"loc":{"start":{"line":17,"column":16},"end":{"line":19,"column":17}},"line":17}},"f":{"0":2,"1":2}}
}
